[2020-05-19T16:36:55.483962+03:00] name.INFO: Start function - someFunc [] []
[2020-05-19T16:36:55.485170+03:00] name.INFO: Current stap : 0% [] []
[2020-05-19T16:36:55.485852+03:00] name.DEBUG: Memory usage : 426336 [] []
[2020-05-19T16:36:55.487717+03:00] name.INFO: Current stap : 25% [] []
[2020-05-19T16:36:55.488319+03:00] name.DEBUG: Memory usage at the beginning : 426336 [] []
[2020-05-19T16:36:55.488817+03:00] name.DEBUG: Memory usage at the stap : +266296 [] []
[2020-05-19T16:36:55.490939+03:00] name.INFO: Current stap : 50% [] []
[2020-05-19T16:36:55.491752+03:00] name.DEBUG: Memory usage at the beginning : 426336 [] []
[2020-05-19T16:36:55.493218+03:00] name.DEBUG: Memory usage at the stap : +528440 [] []
[2020-05-19T16:36:55.495410+03:00] name.INFO: Current stap : 75% [] []
[2020-05-19T16:36:55.496156+03:00] name.DEBUG: Memory usage at the beginning : 426336 [] []
[2020-05-19T16:36:55.496895+03:00] name.DEBUG: Memory usage at the stap : +528440 [] []
[2020-05-19T16:36:55.499125+03:00] name.INFO: Current stap : 100% [] []
[2020-05-19T16:36:55.499629+03:00] name.DEBUG: Memory usage at the beginning : 426336 [] []
[2020-05-19T16:36:55.500169+03:00] name.DEBUG: Memory usage at the stap : +1052728 [] []
[2020-05-19T16:36:55.500671+03:00] name.INFO: Finish function - someFunc [] []
[2020-05-19T16:36:57.070274+03:00] name.INFO: Start function - someFunc [] []
[2020-05-19T16:36:57.072069+03:00] name.INFO: Current stap : 0% [] []
[2020-05-19T16:36:57.072929+03:00] name.DEBUG: Memory usage : 425256 [] []
[2020-05-19T16:36:57.075723+03:00] name.INFO: Current stap : 25% [] []
[2020-05-19T16:36:57.076609+03:00] name.DEBUG: Memory usage at the beginning : 425256 [] []
[2020-05-19T16:36:57.077307+03:00] name.DEBUG: Memory usage at the stap : +266296 [] []
[2020-05-19T16:36:57.079944+03:00] name.INFO: Current stap : 50% [] []
[2020-05-19T16:36:57.081163+03:00] name.DEBUG: Memory usage at the beginning : 425256 [] []
[2020-05-19T16:36:57.082265+03:00] name.DEBUG: Memory usage at the stap : +528440 [] []
[2020-05-19T16:36:57.085051+03:00] name.INFO: Current stap : 75% [] []
[2020-05-19T16:36:57.085851+03:00] name.DEBUG: Memory usage at the beginning : 425256 [] []
[2020-05-19T16:36:57.086647+03:00] name.DEBUG: Memory usage at the stap : +528440 [] []
[2020-05-19T16:36:57.088965+03:00] name.INFO: Current stap : 100% [] []
[2020-05-19T16:36:57.089867+03:00] name.DEBUG: Memory usage at the beginning : 425256 [] []
[2020-05-19T16:36:57.090748+03:00] name.DEBUG: Memory usage at the stap : +1052728 [] []
[2020-05-19T16:36:57.091630+03:00] name.INFO: Finish function - someFunc [] []
[2020-05-19T16:36:59.579612+03:00] name.INFO: Start function - someFunc [] []
[2020-05-19T16:36:59.581060+03:00] name.INFO: Current stap : 0% [] []
[2020-05-19T16:36:59.581921+03:00] name.DEBUG: Memory usage : 425256 [] []
[2020-05-19T16:36:59.584580+03:00] name.INFO: Current stap : 25% [] []
[2020-05-19T16:36:59.585328+03:00] name.DEBUG: Memory usage at the beginning : 425256 [] []
[2020-05-19T16:36:59.586053+03:00] name.DEBUG: Memory usage at the stap : +266296 [] []
[2020-05-19T16:36:59.588801+03:00] name.INFO: Current stap : 50% [] []
[2020-05-19T16:36:59.589893+03:00] name.DEBUG: Memory usage at the beginning : 425256 [] []
[2020-05-19T16:36:59.590801+03:00] name.DEBUG: Memory usage at the stap : +528440 [] []
[2020-05-19T16:36:59.593052+03:00] name.INFO: Current stap : 75% [] []
[2020-05-19T16:36:59.594084+03:00] name.DEBUG: Memory usage at the beginning : 425256 [] []
[2020-05-19T16:36:59.595086+03:00] name.DEBUG: Memory usage at the stap : +528440 [] []
[2020-05-19T16:36:59.597044+03:00] name.INFO: Current stap : 100% [] []
[2020-05-19T16:36:59.597859+03:00] name.DEBUG: Memory usage at the beginning : 425256 [] []
[2020-05-19T16:36:59.598698+03:00] name.DEBUG: Memory usage at the stap : +1052728 [] []
[2020-05-19T16:36:59.599544+03:00] name.INFO: Finish function - someFunc [] []
[2020-05-19T16:37:25.096871+03:00] name.INFO: Start function - someFunc [] []
[2020-05-19T16:37:25.098371+03:00] name.INFO: Current stap : 0% [] []
[2020-05-19T16:37:25.099207+03:00] name.DEBUG: Memory usage : 425256 [] []
[2020-05-19T16:37:25.101927+03:00] name.INFO: Current stap : 25% [] []
[2020-05-19T16:37:25.102706+03:00] name.DEBUG: Memory usage at the beginning : 425256 [] []
[2020-05-19T16:37:25.103440+03:00] name.DEBUG: Memory usage at the stap : +266296 [] []
[2020-05-19T16:37:25.105922+03:00] name.INFO: Current stap : 50% [] []
[2020-05-19T16:37:25.106920+03:00] name.DEBUG: Memory usage at the beginning : 425256 [] []
[2020-05-19T16:37:25.107620+03:00] name.DEBUG: Memory usage at the stap : +528440 [] []
[2020-05-19T16:37:25.110178+03:00] name.INFO: Current stap : 75% [] []
[2020-05-19T16:37:25.111145+03:00] name.DEBUG: Memory usage at the beginning : 425256 [] []
[2020-05-19T16:37:25.112002+03:00] name.DEBUG: Memory usage at the stap : +528440 [] []
[2020-05-19T16:37:25.114211+03:00] name.INFO: Current stap : 100% [] []
[2020-05-19T16:37:25.115155+03:00] name.DEBUG: Memory usage at the beginning : 425256 [] []
[2020-05-19T16:37:25.116023+03:00] name.DEBUG: Memory usage at the stap : +1052728 [] []
[2020-05-19T16:37:25.116844+03:00] name.INFO: Finish function - someFunc [] []
